{
"/Users/michael.tuttle/Source/work/microservices/misc/lapin-send-error/index.js":{"path":"/Users/michael.tuttle/Source/work/microservices/misc/lapin-send-error/index.js","s":{"1":1,"2":7,"3":7,"4":1,"5":14,"6":4,"7":7,"8":7,"9":7,"10":7,"11":7,"12":6,"13":1,"14":5,"15":1,"16":5,"17":1},"b":{"1":[4,10],"2":[7,4],"3":[6,1],"4":[1,5],"5":[1,4]},"f":{"1":7,"2":14},"fnMap":{"1":{"name":"sendError","line":3,"loc":{"start":{"line":3,"column":0},"end":{"line":3,"column":44}}},"2":{"name":"addCode","line":7,"loc":{"start":{"line":7,"column":1},"end":{"line":7,"column":37}}}},"statementMap":{"1":{"start":{"line":3,"column":0},"end":{"line":34,"column":1}},"2":{"start":{"line":4,"column":1},"end":{"line":4,"column":10}},"3":{"start":{"line":5,"column":1},"end":{"line":5,"column":16}},"4":{"start":{"line":7,"column":1},"end":{"line":11,"column":2}},"5":{"start":{"line":8,"column":2},"end":{"line":10,"column":3}},"6":{"start":{"line":9,"column":3},"end":{"line":9,"column":32}},"7":{"start":{"line":13,"column":1},"end":{"line":13,"column":23}},"8":{"start":{"line":14,"column":1},"end":{"line":14,"column":20}},"9":{"start":{"line":16,"column":1},"end":{"line":16,"column":26}},"10":{"start":{"line":17,"column":1},"end":{"line":17,"column":26}},"11":{"start":{"line":20,"column":1},"end":{"line":30,"column":2}},"12":{"start":{"line":22,"column":2},"end":{"line":24,"column":3}},"13":{"start":{"line":23,"column":3},"end":{"line":23,"column":34}},"14":{"start":{"line":27,"column":2},"end":{"line":29,"column":3}},"15":{"start":{"line":28,"column":3},"end":{"line":28,"column":56}},"16":{"start":{"line":33,"column":1},"end":{"line":33,"column":42}},"17":{"start":{"line":36,"column":0},"end":{"line":36,"column":27}}},"branchMap":{"1":{"line":8,"type":"if","locations":[{"start":{"line":8,"column":2},"end":{"line":8,"column":2}},{"start":{"line":8,"column":2},"end":{"line":8,"column":2}}]},"2":{"line":17,"type":"binary-expr","locations":[{"start":{"line":17,"column":8},"end":{"line":17,"column":12}},{"start":{"line":17,"column":16},"end":{"line":17,"column":25}}]},"3":{"line":20,"type":"if","locations":[{"start":{"line":20,"column":1},"end":{"line":20,"column":1}},{"start":{"line":20,"column":1},"end":{"line":20,"column":1}}]},"4":{"line":22,"type":"if","locations":[{"start":{"line":22,"column":2},"end":{"line":22,"column":2}},{"start":{"line":22,"column":2},"end":{"line":22,"column":2}}]},"5":{"line":27,"type":"if","locations":[{"start":{"line":27,"column":2},"end":{"line":27,"column":2}},{"start":{"line":27,"column":2},"end":{"line":27,"column":2}}]}},"l":{"3":1,"4":7,"5":7,"7":1,"8":14,"9":4,"13":7,"14":7,"16":7,"17":7,"20":7,"22":6,"23":1,"27":5,"28":1,"33":5,"36":1}}}
